data,step_2,*,changedName,type
data,step_2,*,no_taxNumber,type
data,step_6,*,objectType,enum
data,step_13,*,guarantor_exist_,type
data,step_3,*,totalArea,type
data,step_13,*,guarantor_realty_exist_,type
data,step_13,*,guarantor,oneOf
data,step_13,*,guarantor_realty,oneOf
data,step_7,*,typeProperty,enum
data,step_3,*,objectType,enum
data,step_4,*,totalArea,type
data,step_11,*,rights,type
data,step_3,*,rights,type
data,step_0,_,declarationYear1,type
data,step_8,*,rights,type
data,step_6,*,rights,type
data,step_13,*sizeObligation,oneOf
data,step_4,*,rights,type
data,step_4,*,actualAddressEqualRegAddress,type
data,step_15,*,emitent_ua_sameRegLivingAddress,type
data,step_12,*,rights,type
data,step_10,*,rights,type
data,step_5,*,rights,type
data,step_7,*,rights,type
data,step_3,*,person,pattern
data,step_3,*otherObjectType,type
data,step_3,*,costDate,oneOf
data,step_11,*,sizeIncome,oneOf
data,step_4,*,person,pattern
data,step_6,*,person,pattern
data,step_6,*graduationYear,pattern
data,step_12,*,sizeAssets,oneOf
data,step_6,*,,costDate,oneOf
data,step_3,*,owningDate,oneOf
data,step_8,*,cost_percent,oneOf
data,step_4,*,objectType,enum